2023-10-13 18:47:01 INFO  Log:41 -       -:V-Tiger Automation Project is Running:-       
2023-10-13 18:47:01 INFO  Log:41 - Loading Property file
2023-10-13 18:47:01 INFO  Log:41 - Chrome Browser started
2023-10-13 18:47:09 INFO  Log:41 - Chrome driver initialized
2023-10-13 18:47:09 INFO  Log:41 - Delete All cookies
2023-10-13 18:47:09 INFO  Log:41 - Maximize Chrome Driver
2023-10-13 18:47:09 INFO  Log:15 - ****************************************************************************************
2023-10-13 18:47:09 INFO  Log:17 - ****************************************************************************************
2023-10-13 18:47:09 INFO  Log:19 - $$$$$$$$$$$$$$$$$$$$$                 Launch The application URL::http://localhost:8888/       $$$$$$$$$$$$$$$$$$$$$$$$$
2023-10-13 18:47:09 INFO  Log:21 - ****************************************************************************************
2023-10-13 18:47:09 INFO  Log:23 - ****************************************************************************************
2023-10-13 18:47:12 INFO  Log:41 - Loading Property file
2023-10-13 18:47:12 INFO  Log:41 - Loading Property file
2023-10-13 18:47:12 INFO  Log:41 - Entering username
2023-10-13 18:47:12 INFO  Log:41 - Entered username successfully
2023-10-13 18:47:12 INFO  Log:41 - Entering password
2023-10-13 18:47:13 INFO  Log:41 - Entered password successfully
2023-10-13 18:47:16 INFO  Log:41 - clicking on Submit button
2023-10-13 18:47:21 INFO  Log:41 - clicked on Submit button successfully
2023-10-13 18:47:22 INFO  Log:41 - Verifying logo on home page
2023-10-13 18:47:28 INFO  Log:41 - Verified logo on home page Successfully
2023-10-13 18:47:28 INFO  Log:28 - XXXXXXXXXXXXXXXXXXXXXXX             -E---N---D-             XXXXXXXXXXXXXXXXXXXXXX
2023-10-13 18:47:28 INFO  Log:30 - X
2023-10-13 18:47:28 INFO  Log:32 - X
2023-10-13 18:47:28 INFO  Log:34 - X
2023-10-13 18:47:28 INFO  Log:36 - X
2023-10-13 18:47:28 INFO  Log:41 - Closing the Browser
2023-10-13 18:47:29 INFO  Log:41 -       -:V-Tiger Automation Project is Running:-       
2023-10-13 18:47:29 INFO  Log:41 - Loading Property file
2023-10-13 18:47:29 INFO  Log:41 - Chrome Browser started
2023-10-13 18:47:32 INFO  Log:41 - Chrome driver initialized
2023-10-13 18:47:32 INFO  Log:41 - Delete All cookies
2023-10-13 18:47:32 INFO  Log:41 - Maximize Chrome Driver
2023-10-13 18:47:32 INFO  Log:15 - ****************************************************************************************
2023-10-13 18:47:32 INFO  Log:17 - ****************************************************************************************
2023-10-13 18:47:32 INFO  Log:19 - $$$$$$$$$$$$$$$$$$$$$                 Launch The application URL::http://localhost:8888/       $$$$$$$$$$$$$$$$$$$$$$$$$
2023-10-13 18:47:32 INFO  Log:21 - ****************************************************************************************
2023-10-13 18:47:32 INFO  Log:23 - ****************************************************************************************
2023-10-13 18:47:34 INFO  Log:41 - Loading Property file
2023-10-13 18:47:34 INFO  Log:41 - Loading Property file
2023-10-13 18:47:34 INFO  Log:41 - Entering username
2023-10-13 18:47:35 INFO  Log:41 - Entered username successfully
2023-10-13 18:47:35 INFO  Log:41 - Entering password
2023-10-13 18:47:35 INFO  Log:41 - Entered password successfully
2023-10-13 18:47:38 INFO  Log:41 - clicking on Submit button
2023-10-13 18:47:41 INFO  Log:41 - clicked on Submit button successfully
2023-10-13 18:47:41 INFO  Log:41 - Verifying the error message
2023-10-13 18:47:41 INFO  Log:41 - Verified error message successfully
2023-10-13 18:47:47 INFO  Log:28 - XXXXXXXXXXXXXXXXXXXXXXX             -E---N---D-             XXXXXXXXXXXXXXXXXXXXXX
2023-10-13 18:47:47 INFO  Log:30 - X
2023-10-13 18:47:47 INFO  Log:32 - X
2023-10-13 18:47:47 INFO  Log:34 - X
2023-10-13 18:47:47 INFO  Log:36 - X
2023-10-13 18:47:47 INFO  Log:41 - Closing the Browser
